<?xml version="1.0" encoding="UTF-8"?>
<!-- Generated by org.testng.reporters.JUnitReportReporter -->
<testsuite hostname="DESKTOP-FMGNOFA" failures="0" tests="1" name="ui2.ScreenShotFile2" time="0.016" errors="0" timestamp="2022-03-07T16:41:06 EST" skipped="0">
  <testcase classname="ui2.ScreenShotFile2" name="screen2" time="0.016"/>
  <system-out/>
</testsuite> <!-- ui2.ScreenShotFile2 -->
