<?xml version="1.0" encoding="UTF-8"?>
<!-- Generated by org.testng.reporters.JUnitReportReporter -->
<testsuite hostname="DESKTOP-FMGNOFA" failures="0" tests="1" name="ui.LoginTest" time="4.526" errors="0" timestamp="2022-02-14T20:46:34 EST" skipped="0">
  <testcase classname="ui.LoginTest" name="launchApplication" time="4.526"/>
  <system-out/>
</testsuite> <!-- ui.LoginTest -->
