<?xml version="1.0" encoding="UTF-8"?>
<!-- Generated by org.testng.reporters.JUnitReportReporter -->
<testsuite hostname="DESKTOP-FMGNOFA" failures="0" tests="1" name="ui2.JavaScriptExecutor2" time="5.906" errors="0" timestamp="2022-03-07T14:16:58 EST" skipped="0">
  <testcase classname="ui2.JavaScriptExecutor2" name="javascript" time="5.906"/>
  <system-out/>
</testsuite> <!-- ui2.JavaScriptExecutor2 -->
