<?xml version="1.0" encoding="UTF-8"?>
<!-- Generated by org.testng.reporters.JUnitReportReporter -->
<testsuite hostname="DESKTOP-FMGNOFA" failures="0" tests="1" name="ui2.IframeDemo2" time="3.806" errors="0" timestamp="2022-03-07T11:10:26 EST" skipped="0">
  <testcase classname="ui2.IframeDemo2" name="framing" time="3.806"/>
  <system-out/>
</testsuite> <!-- ui2.IframeDemo2 -->
